#
# There is insufficient memory for the Java Runtime Environment to continue.
# Native memory allocation (mmap) failed to map 268435456 bytes. Error detail: G1 virtual space
# Possible reasons:
#   The system is out of physical RAM or swap space
#   This process is running with CompressedOops enabled, and the Java Heap may be blocking the growth of the native heap
# Possible solutions:
#   Reduce memory load on the system
#   Increase physical memory or swap space
#   Check if swap backing store is full
#   Decrease Java heap size (-Xmx/-Xms)
#   Decrease number of Java threads
#   Decrease Java thread stack sizes (-Xss)
#   Set larger code cache with -XX:ReservedCodeCacheSize=
#   JVM is running with Zero Based Compressed Oops mode in which the Java heap is
#     placed in the first 32GB address space. The Java Heap base address is the
#     maximum limit for the native heap growth. Please use -XX:HeapBaseMinAddress
#     to set the Java Heap base and to place the Java Heap above 32GB virtual address.
# This output file may be truncated or incomplete.
#
#  Out of Memory Error (os_windows.cpp:3898), pid=16348, tid=21716
#
# JRE version:  (21.0.6+9) (build )
# Java VM: OpenJDK 64-Bit Server VM (21.0.6+9-b895.109, mixed mode, sharing, tiered, compressed oops, compressed class ptrs, g1 gc, windows-amd64)
# No core dump will be written. Minidumps are not enabled by default on client versions of Windows
#

---------------  S U M M A R Y ------------

Command Line: git4idea.http.GitAskPassApp Username for 'https://github.com': 

Host: AMD EPYC 7763 64-Core Processor                , 4 cores, 15G,  Windows 11 , 64 bit Build 26100 (10.0.26100.4484)
Time: Tue Jul 29 14:38:39 2025 South Africa Standard Time elapsed time: 0.096440 seconds (0d 0h 0m 0s)

---------------  T H R E A D  ---------------

Current thread (0x0000019665d6f920):  JavaThread "Unknown thread" [_thread_in_vm, id=21716, stack(0x0000003f19d00000,0x0000003f19e00000) (1024K)]

Stack: [0x0000003f19d00000,0x0000003f19e00000]
Native frames: (J=compiled Java code, j=interpreted, Vv=VM code, C=native code)
V  [jvm.dll+0x6e5cb9]
V  [jvm.dll+0x8c4113]
V  [jvm.dll+0x8c666e]
V  [jvm.dll+0x8c6d53]
V  [jvm.dll+0x288f76]
V  [jvm.dll+0x6e2575]
V  [jvm.dll+0x6d602a]
V  [jvm.dll+0x3635db]
V  [jvm.dll+0x36b1a6]
V  [jvm.dll+0x3bd4f6]
V  [jvm.dll+0x3bd7c8]
V  [jvm.dll+0x335d2c]
V  [jvm.dll+0x336a1b]
V  [jvm.dll+0x88b569]
V  [jvm.dll+0x3ca6c8]
V  [jvm.dll+0x8745b8]
V  [jvm.dll+0x45f0de]
V  [jvm.dll+0x460dc1]
C  [jli.dll+0x52ab]
C  [ucrtbase.dll+0x37b0]
C  [KERNEL32.DLL+0x2e8d7]
C  [ntdll.dll+0x3c34c]


---------------  P R O C E S S  ---------------

Threads class SMR info:
_java_thread_list=0x00007ffb37daa148, length=0, elements={
}

Java Threads: ( => current thread )
Total: 0

Other Threads:
  0x0000019665dd1200 WorkerThread "GC Thread#0"                     [id=32176, stack(0x0000003f19e00000,0x0000003f19f00000) (1024K)]
  0x0000019665de2120 ConcurrentGCThread "G1 Main Marker"            [id=5764, stack(0x0000003f19f00000,0x0000003f1a000000) (1024K)]
  0x0000019665de2c20 WorkerThread "G1 Conc#0"                       [id=32680, stack(0x0000003f1a000000,0x0000003f1a100000) (1024K)]

[error occurred during error reporting (printing all threads), id 0xc0000005, EXCEPTION_ACCESS_VIOLATION (0xc0000005) at pc=0x00007ffb37498e07]
VM state: not at safepoint (not fully initialized)

VM Mutex/Monitor currently owned by a thread:  ([mutex/lock_event])
[0x00007ffb37e1eb30] Heap_lock - owner thread: 0x0000019665d6f920

Heap address: 0x0000000700c00000, size: 4084 MB, Compressed Oops mode: Zero based, Oop shift amount: 3

CDS archive(s) mapped at: [0x0000000000000000-0x0000000000000000-0x0000000000000000), size 0, SharedBaseAddress: 0x0000000800000000, ArchiveRelocationMode: 1.
Narrow klass base: 0x0000000000000000, Narrow klass shift: 0, Narrow klass range: 0x0

GC Precious Log:
 CardTable entry size: 512
 Card Set container configuration: InlinePtr #cards 4 size 8 Array Of Cards #cards 16 size 48 Howl #buckets 8 coarsen threshold 3686 Howl Bitmap #cards 512 size 80 coarsen threshold 460 Card regions per heap region 1 cards per card region 4096

Heap:
 garbage-first heap   total 0K, used 0K [0x0000000700c00000, 0x0000000800000000)
  region size 2048K, 0 young (0K), 0 survivors (0K)
 Metaspace       used 0K, committed 0K, reserved 0K
  class space    used 0K, committed 0K, reserved 0K

Heap Regions: E=young(eden), S=young(survivor), O=old, HS=humongous(starts), HC=humongous(continues), CS=collection set, F=free, TAMS=top-at-mark-start, PB=parsable bottom

Card table byte_map: [0x00000196795a0000,0x0000019679da0000] _byte_map_base: 0x0000019675d9a000

Marking Bits: (CMBitMap*) 0x0000019665dd1900
 Bits: [0x0000019679da0000, 0x000001967dd70000)

GC Heap History (0 events):
No events

Dll operation events (1 events):
Event: 0.009 Loaded shared library C:\Program Files\JetBrains\IntelliJ IDEA Community Edition 2025.1\jbr\bin\java.dll

Deoptimization events (0 events):
No events

Classes loaded (0 events):
No events

Classes unloaded (0 events):
No events

Classes redefined (0 events):
No events

Internal exceptions (0 events):
No events

ZGC Phase Switch (0 events):
No events

VM Operations (0 events):
No events

Memory protections (0 events):
No events

Nmethod flushes (0 events):
No events

Events (0 events):
No events


Dynamic libraries:
0x00007ff669ff0000 - 0x00007ff669ffa000 	C:\Program Files\JetBrains\IntelliJ IDEA Community Edition 2025.1\jbr\bin\java.exe
0x00007ffbb9fa0000 - 0x00007ffbba208000 	C:\Windows\SYSTEM32\ntdll.dll
0x00007ffbb7d40000 - 0x00007ffbb7e09000 	C:\Windows\System32\KERNEL32.DLL
0x00007ffbb72f0000 - 0x00007ffbb76dd000 	C:\Windows\System32\KERNELBASE.dll
0x00007ffbb76e0000 - 0x00007ffbb782b000 	C:\Windows\System32\ucrtbase.dll
0x00007ffbae000000 - 0x00007ffbae01b000 	C:\Program Files\JetBrains\IntelliJ IDEA Community Edition 2025.1\jbr\bin\VCRUNTIME140.dll
0x00007ffbad260000 - 0x00007ffbad278000 	C:\Program Files\JetBrains\IntelliJ IDEA Community Edition 2025.1\jbr\bin\jli.dll
0x00007ffbb8350000 - 0x00007ffbb851c000 	C:\Windows\System32\USER32.dll
0x00007ffbaa830000 - 0x00007ffbaaaca000 	C:\Windows\WinSxS\amd64_microsoft.windows.common-controls_6595b64144ccf1df_6.0.26100.4484_none_3e0e6d4ce32ef3b3\COMCTL32.dll
0x00007ffbb7d10000 - 0x00007ffbb7d37000 	C:\Windows\System32\win32u.dll
0x00007ffbb7f70000 - 0x00007ffbb8019000 	C:\Windows\System32\msvcrt.dll
0x00007ffbb99b0000 - 0x00007ffbb99db000 	C:\Windows\System32\GDI32.dll
0x00007ffbb70f0000 - 0x00007ffbb7227000 	C:\Windows\System32\gdi32full.dll
0x00007ffbb7830000 - 0x00007ffbb78d3000 	C:\Windows\System32\msvcp_win.dll
0x00007ffbb9d30000 - 0x00007ffbb9d5f000 	C:\Windows\System32\IMM32.DLL
0x00007ffbae0a0000 - 0x00007ffbae0ac000 	C:\Program Files\JetBrains\IntelliJ IDEA Community Edition 2025.1\jbr\bin\vcruntime140_1.dll
0x00007ffb953c0000 - 0x00007ffb9544d000 	C:\Program Files\JetBrains\IntelliJ IDEA Community Edition 2025.1\jbr\bin\msvcp140.dll
0x00007ffb37150000 - 0x00007ffb37f11000 	C:\Program Files\JetBrains\IntelliJ IDEA Community Edition 2025.1\jbr\bin\server\jvm.dll
0x00007ffbb9d70000 - 0x00007ffbb9e24000 	C:\Windows\System32\ADVAPI32.dll
0x00007ffbb99f0000 - 0x00007ffbb9a96000 	C:\Windows\System32\sechost.dll
0x00007ffbb80c0000 - 0x00007ffbb81d8000 	C:\Windows\System32\RPCRT4.dll
0x00007ffbb9ee0000 - 0x00007ffbb9f54000 	C:\Windows\System32\WS2_32.dll
0x00007ffba9a30000 - 0x00007ffba9a65000 	C:\Windows\SYSTEM32\WINMM.dll
0x00007ffbb6f60000 - 0x00007ffbb6fbe000 	C:\Windows\SYSTEM32\POWRPROF.dll
0x00007ffbab060000 - 0x00007ffbab06b000 	C:\Windows\SYSTEM32\VERSION.dll
0x00007ffbb6f40000 - 0x00007ffbb6f54000 	C:\Windows\SYSTEM32\UMPDC.dll
0x00007ffbb5d20000 - 0x00007ffbb5d3b000 	C:\Windows\SYSTEM32\kernel.appcore.dll
0x00007ffbae090000 - 0x00007ffbae09a000 	C:\Program Files\JetBrains\IntelliJ IDEA Community Edition 2025.1\jbr\bin\jimage.dll
0x00007ffba9ae0000 - 0x00007ffba9d21000 	C:\Windows\SYSTEM32\DBGHELP.DLL
0x00007ffbb8dc0000 - 0x00007ffbb9146000 	C:\Windows\System32\combase.dll
0x00007ffbb7e10000 - 0x00007ffbb7ef0000 	C:\Windows\System32\OLEAUT32.dll
0x00007ffba7a10000 - 0x00007ffba7a53000 	C:\Windows\SYSTEM32\dbgcore.DLL
0x00007ffbb78e0000 - 0x00007ffbb7979000 	C:\Windows\System32\bcryptPrimitives.dll
0x00007ffbad2c0000 - 0x00007ffbad2e0000 	C:\Program Files\JetBrains\IntelliJ IDEA Community Edition 2025.1\jbr\bin\java.dll

dbghelp: loaded successfully - version: 4.0.5 - missing functions: none
symbol engine: initialized successfully - sym options: 0x614 - pdb path: .;C:\Program Files\JetBrains\IntelliJ IDEA Community Edition 2025.1\jbr\bin;C:\Windows\SYSTEM32;C:\Windows\WinSxS\amd64_microsoft.windows.common-controls_6595b64144ccf1df_6.0.26100.4484_none_3e0e6d4ce32ef3b3;C:\Program Files\JetBrains\IntelliJ IDEA Community Edition 2025.1\jbr\bin\server

VM Arguments:
java_command: git4idea.http.GitAskPassApp Username for 'https://github.com': 
java_class_path (initial): C:/Program Files/JetBrains/IntelliJ IDEA Community Edition 2025.1/plugins/vcs-git/lib/git4idea-rt.jar;C:/Program Files/JetBrains/IntelliJ IDEA Community Edition 2025.1/lib/externalProcess-rt.jar
Launcher Type: SUN_STANDARD

[Global flags]
     intx CICompilerCount                          = 3                                         {product} {ergonomic}
     uint ConcGCThreads                            = 1                                         {product} {ergonomic}
     uint G1ConcRefinementThreads                  = 4                                         {product} {ergonomic}
   size_t G1HeapRegionSize                         = 2097152                                   {product} {ergonomic}
    uintx GCDrainStackTargetSize                   = 64                                        {product} {ergonomic}
   size_t InitialHeapSize                          = 268435456                                 {product} {ergonomic}
   size_t MarkStackSize                            = 4194304                                   {product} {ergonomic}
   size_t MaxHeapSize                              = 4282384384                                {product} {ergonomic}
   size_t MinHeapDeltaBytes                        = 2097152                                   {product} {ergonomic}
   size_t MinHeapSize                              = 8388608                                   {product} {ergonomic}
    uintx NonNMethodCodeHeapSize                   = 5832780                                {pd product} {ergonomic}
    uintx NonProfiledCodeHeapSize                  = 122912730                              {pd product} {ergonomic}
    uintx ProfiledCodeHeapSize                     = 122912730                              {pd product} {ergonomic}
    uintx ReservedCodeCacheSize                    = 251658240                              {pd product} {ergonomic}
     bool SegmentedCodeCache                       = true                                      {product} {ergonomic}
   size_t SoftMaxHeapSize                          = 4282384384                             {manageable} {ergonomic}
     bool UseCompressedOops                        = true                           {product lp64_product} {ergonomic}
     bool UseG1GC                                  = true                                      {product} {ergonomic}
     bool UseLargePagesIndividualAllocation        = false                                  {pd product} {ergonomic}

Logging:
Log output configuration:
 #0: stdout all=warning uptime,level,tags foldmultilines=false
 #1: stderr all=off uptime,level,tags foldmultilines=false

Environment Variables:
JAVA_HOME=C:\Program Files\Java\jdk-18.0.2
PATH=C:\Program Files\Git\mingw64\libexec\git-core;C:\Program Files\Git\mingw64\libexec\git-core;C:\Program Files\Git\mingw64\bin;C:\Program Files\Git\usr\bin;C:\Users\TebogoMohale\bin;C:\Program Files\sap\hdbclient;C:\Windows\system32;C:\Windows;C:\Windows\System32\Wbem;C:\Windows\System32\WindowsPowerShell\v1.0;C:\Windows\System32\OpenSSH;C:\Program Files\Git\cmd;C:\ProgramData\chocolatey\bin;C:\Users\TebogoMohale\dev\flutter\bin;C:\Users\TebogoMohale\AppData\Local\Microsoft\WindowsApps;C:\tools\dart-sdk\bin;C:\Users\TebogoMohale\AppData\Local\Pub\Cache\bin;C:\Program Files\Java\jdk-18.0.2\bin;C:\Program Files\Apache\Maven\apache-maven-3.9.11\bin
USERNAME=TebogoMohale
DISPLAY=:0.0
LC_ALL=en_US.UTF-8
TERM=xterm-256color
TMPDIR=C:\Users\TEBOGO~1\AppData\Local\Temp
OS=Windows_NT
PROCESSOR_IDENTIFIER=AMD64 Family 25 Model 1 Stepping 1, AuthenticAMD
TMP=C:\Users\TEBOGO~1\AppData\Local\Temp
TEMP=C:\Users\TEBOGO~1\AppData\Local\Temp




Periodic native trim disabled

JNI global refs:
JNI global refs: 0, weak refs: 0

JNI global refs memory usage: 0, weak refs: 0

Process memory usage:
Resident Set Size: 12576K (0% of 16724828K total physical memory with 1289108K free physical memory)

OOME stack traces (most recent first):
Classloader memory used:

---------------  S Y S T E M  ---------------

OS:
 Windows 11 , 64 bit Build 26100 (10.0.26100.4484)
OS uptime: 15 days 2:13 hours
Hyper-V virtualization detected

CPU: total 4 (initial active 4) (16 cores per cpu, 2 threads per core) family 25 model 1 stepping 1 microcode 0xffffffff, cx8, cmov, fxsr, ht, mmx, 3dnowpref, sse, sse2, sse3, ssse3, sse4a, sse4.1, sse4.2, popcnt, lzcnt, tsc, tscinvbit, avx, avx2, aes, erms, clmul, bmi1, bmi2, adx, sha, fma, vzeroupper, clflush, clflushopt, hv, rdtscp, rdpid, fsrm, f16c, cet_ss
Processor Information for the first 4 processors :
  Max Mhz: 2445, Current Mhz: 2445, Mhz Limit: 2445

Memory: 4k page, system-wide physical 16332M (1258M free)
TotalPageFile size 32646M (AvailPageFile size 223M)
current process WorkingSet (physical memory assigned to process): 12M, peak: 12M
current process commit charge ("private bytes"): 52M, peak: 308M

vm_info: OpenJDK 64-Bit Server VM (21.0.6+9-b895.109) for windows-amd64 JRE (21.0.6+9-b895.109), built on 2025-03-26 by "builduser" with MS VC++ 16.10 / 16.11 (VS2019)

END.
